2025-04-04 10:13:20.552954 - Received CBT.V508.FILE467.PDS from FILE467.XMI 
2025-04-04 10:13:20.555429 - Found $$$#DATE.txt (text/plain) in CBT.V508.FILE467.PDS, moved to PDS/$$$#DATE
2025-04-04 10:13:20.555593 - Found $BR.txt (text/plain) in CBT.V508.FILE467.PDS, moved to PDS/$BR
2025-04-04 10:13:20.555744 - Found $BREAKSE.txt (text/plain) in CBT.V508.FILE467.PDS, moved to PDS/$BREAKSE
2025-04-04 10:13:20.555877 - Found $COMMAND.txt (text/plain) in CBT.V508.FILE467.PDS, moved to PDS/$COMMAND
2025-04-04 10:13:20.556001 - Found $CURSOR.txt (text/plain) in CBT.V508.FILE467.PDS, moved to PDS/$CURSOR
2025-04-04 10:13:20.556130 - Found $DOWN.txt (text/plain) in CBT.V508.FILE467.PDS, moved to PDS/$DOWN
2025-04-04 10:13:20.556356 - Found $DSM.txt (text/plain) in CBT.V508.FILE467.PDS, moved to PDS/$DSM
2025-04-04 10:13:20.556498 - Found $DSNLIST.txt (text/plain) in CBT.V508.FILE467.PDS, moved to PDS/$DSNLIST
2025-04-04 10:13:20.556656 - Found $ED.txt (text/plain) in CBT.V508.FILE467.PDS, moved to PDS/$ED
2025-04-04 10:13:20.556779 - Found $END.txt (text/plain) in CBT.V508.FILE467.PDS, moved to PDS/$END
2025-04-04 10:13:20.556902 - Found $HELP.txt (text/plain) in CBT.V508.FILE467.PDS, moved to PDS/$HELP
2025-04-04 10:13:20.557027 - Found $HOLD.txt (text/plain) in CBT.V508.FILE467.PDS, moved to PDS/$HOLD
2025-04-04 10:13:20.557177 - Found $IBM.txt (text/plain) in CBT.V508.FILE467.PDS, moved to PDS/$IBM
2025-04-04 10:13:20.557343 - Found $KBR.txt (text/plain) in CBT.V508.FILE467.PDS, moved to PDS/$KBR
2025-04-04 10:13:20.557498 - Found $KBR$2.txt (text/plain) in CBT.V508.FILE467.PDS, moved to PDS/$KBR$2
2025-04-04 10:13:20.557670 - Found $KED.txt (text/plain) in CBT.V508.FILE467.PDS, moved to PDS/$KED
2025-04-04 10:13:20.557835 - Found $KED$2.txt (text/plain) in CBT.V508.FILE467.PDS, moved to PDS/$KED$2
2025-04-04 10:13:20.557971 - Found $KEYS.txt (text/plain) in CBT.V508.FILE467.PDS, moved to PDS/$KEYS
2025-04-04 10:13:20.558103 - Found $LEFT.txt (text/plain) in CBT.V508.FILE467.PDS, moved to PDS/$LEFT
2025-04-04 10:13:20.558248 - Found $LISTA.txt (text/plain) in CBT.V508.FILE467.PDS, moved to PDS/$LISTA
2025-04-04 10:13:20.558383 - Found $LOGMSG.txt (text/plain) in CBT.V508.FILE467.PDS, moved to PDS/$LOGMSG
2025-04-04 10:13:20.558516 - Found $NOP.txt (text/plain) in CBT.V508.FILE467.PDS, moved to PDS/$NOP
2025-04-04 10:13:20.558664 - Found $PANELID.txt (text/plain) in CBT.V508.FILE467.PDS, moved to PDS/$PANELID
2025-04-04 10:13:20.558800 - Found $PFKINIT.txt (text/plain) in CBT.V508.FILE467.PDS, moved to PDS/$PFKINIT
2025-04-04 10:13:20.558938 - Found $PRINT.txt (text/plain) in CBT.V508.FILE467.PDS, moved to PDS/$PRINT
2025-04-04 10:13:20.559070 - Found $PRINT@H.txt (text/plain) in CBT.V508.FILE467.PDS, moved to PDS/$PRINT@H
2025-04-04 10:13:20.559202 - Found $PRINTL.txt (text/plain) in CBT.V508.FILE467.PDS, moved to PDS/$PRINTL
2025-04-04 10:13:20.559344 - Found $PRINTL@.txt (text/plain) in CBT.V508.FILE467.PDS, moved to PDS/$PRINTL@
2025-04-04 10:13:20.559488 - Found $PRINTLH.txt (text/plain) in CBT.V508.FILE467.PDS, moved to PDS/$PRINTLH
2025-04-04 10:13:20.559624 - Found $RCHANGE.txt (text/plain) in CBT.V508.FILE467.PDS, moved to PDS/$RCHANGE
2025-04-04 10:13:20.559763 - Found $RETURN.txt (text/plain) in CBT.V508.FILE467.PDS, moved to PDS/$RETURN
2025-04-04 10:13:20.559916 - Found $RFIND.txt (text/plain) in CBT.V508.FILE467.PDS, moved to PDS/$RFIND
2025-04-04 10:13:20.560047 - Found $RIGHT.txt (text/plain) in CBT.V508.FILE467.PDS, moved to PDS/$RIGHT
2025-04-04 10:13:20.560181 - Found $SECURE.txt (text/plain) in CBT.V508.FILE467.PDS, moved to PDS/$SECURE
2025-04-04 10:13:20.560311 - Found $SPLIT.txt (text/plain) in CBT.V508.FILE467.PDS, moved to PDS/$SPLIT
2025-04-04 10:13:20.560442 - Found $SPLITV.txt (text/plain) in CBT.V508.FILE467.PDS, moved to PDS/$SPLITV
2025-04-04 10:13:20.560589 - Found $SUGGEST.txt (text/plain) in CBT.V508.FILE467.PDS, moved to PDS/$SUGGEST
2025-04-04 10:13:20.560733 - Found $SWAP.txt (text/plain) in CBT.V508.FILE467.PDS, moved to PDS/$SWAP
2025-04-04 10:13:20.560886 - Found $TSO.txt (text/plain) in CBT.V508.FILE467.PDS, moved to PDS/$TSO
2025-04-04 10:13:20.561030 - Found $TSOCMD.txt (text/plain) in CBT.V508.FILE467.PDS, moved to PDS/$TSOCMD
2025-04-04 10:13:20.561166 - Found $UP.txt (text/plain) in CBT.V508.FILE467.PDS, moved to PDS/$UP
2025-04-04 10:13:20.561291 - Found @FILE467.txt (text/plain) in CBT.V508.FILE467.PDS, moved to PDS/@FILE467
2025-04-04 10:13:20.561441 - Found BRDDSN.txt (text/plain) in CBT.V508.FILE467.PDS, moved to PDS/BRDDSN
2025-04-04 10:13:20.561589 - Found BRKPE010.txt (text/plain) in CBT.V508.FILE467.PDS, moved to PDS/BRKPE010
2025-04-04 10:13:20.561736 - Found CMDB.txt (text/plain) in CBT.V508.FILE467.PDS, moved to PDS/CMDB
2025-04-04 10:13:20.561894 - Found CMDB1.txt (text/plain) in CBT.V508.FILE467.PDS, moved to PDS/CMDB1
2025-04-04 10:13:20.562046 - Found CNADKBR.txt (text/plain) in CBT.V508.FILE467.PDS, moved to PDS/CNADKBR
2025-04-04 10:13:20.562175 - Found CNADKED.txt (text/plain) in CBT.V508.FILE467.PDS, moved to PDS/CNADKED
2025-04-04 10:13:20.562352 - Found COMHMAN.txt (text/plain) in CBT.V508.FILE467.PDS, moved to PDS/COMHMAN
2025-04-04 10:13:20.562501 - Found DSINDX01.txt (text/plain) in CBT.V508.FILE467.PDS, moved to PDS/DSINDX01
2025-04-04 10:13:20.562657 - Found DSINDX02.txt (text/plain) in CBT.V508.FILE467.PDS, moved to PDS/DSINDX02
2025-04-04 10:13:20.562803 - Found DSINDX03.txt (text/plain) in CBT.V508.FILE467.PDS, moved to PDS/DSINDX03
2025-04-04 10:13:20.563091 - Found DSINDX04.txt (text/plain) in CBT.V508.FILE467.PDS, moved to PDS/DSINDX04
2025-04-04 10:13:20.563278 - Found DSNBMGF.txt (text/plain) in CBT.V508.FILE467.PDS, moved to PDS/DSNBMGF
2025-04-04 10:13:20.563447 - Found DSNBMGFL.txt (text/plain) in CBT.V508.FILE467.PDS, moved to PDS/DSNBMGFL
2025-04-04 10:13:20.563599 - Found DSNBMGF1.txt (text/plain) in CBT.V508.FILE467.PDS, moved to PDS/DSNBMGF1
2025-04-04 10:13:20.563752 - Found DSND.txt (text/plain) in CBT.V508.FILE467.PDS, moved to PDS/DSND
2025-04-04 10:13:20.563905 - Found DSNHMGF.txt (text/plain) in CBT.V508.FILE467.PDS, moved to PDS/DSNHMGF
2025-04-04 10:13:20.564140 - Found DSNHMGFA.txt (text/plain) in CBT.V508.FILE467.PDS, moved to PDS/DSNHMGFA
2025-04-04 10:13:20.564307 - Found DSNHMGFB.txt (text/plain) in CBT.V508.FILE467.PDS, moved to PDS/DSNHMGFB
2025-04-04 10:13:20.564539 - Found DSNHMGFC.txt (text/plain) in CBT.V508.FILE467.PDS, moved to PDS/DSNHMGFC
2025-04-04 10:13:20.564722 - Found DSNHMGFD.txt (text/plain) in CBT.V508.FILE467.PDS, moved to PDS/DSNHMGFD
2025-04-04 10:13:20.564881 - Found DSNHMGFE.txt (text/plain) in CBT.V508.FILE467.PDS, moved to PDS/DSNHMGFE
2025-04-04 10:13:20.565025 - Found DSNHMGFF.txt (text/plain) in CBT.V508.FILE467.PDS, moved to PDS/DSNHMGFF
2025-04-04 10:13:20.565176 - Found DSNHMGFG.txt (text/plain) in CBT.V508.FILE467.PDS, moved to PDS/DSNHMGFG
2025-04-04 10:13:20.565321 - Found DSNHMGFH.txt (text/plain) in CBT.V508.FILE467.PDS, moved to PDS/DSNHMGFH
2025-04-04 10:13:20.565472 - Found DSNHMGFI.txt (text/plain) in CBT.V508.FILE467.PDS, moved to PDS/DSNHMGFI
2025-04-04 10:13:20.565626 - Found DSNHMGFJ.txt (text/plain) in CBT.V508.FILE467.PDS, moved to PDS/DSNHMGFJ
2025-04-04 10:13:20.565750 - Found DSNHMGF1.txt (text/plain) in CBT.V508.FILE467.PDS, moved to PDS/DSNHMGF1
2025-04-04 10:13:20.565903 - Found DSNHMGF2.txt (text/plain) in CBT.V508.FILE467.PDS, moved to PDS/DSNHMGF2
2025-04-04 10:13:20.566064 - Found DSNHMGF3.txt (text/plain) in CBT.V508.FILE467.PDS, moved to PDS/DSNHMGF3
2025-04-04 10:13:20.566192 - Found DSNHMGF4.txt (text/plain) in CBT.V508.FILE467.PDS, moved to PDS/DSNHMGF4
2025-04-04 10:13:20.566340 - Found DSNHMGF9.txt (text/plain) in CBT.V508.FILE467.PDS, moved to PDS/DSNHMGF9
2025-04-04 10:13:20.566464 - Found EDDDSN.txt (text/plain) in CBT.V508.FILE467.PDS, moved to PDS/EDDDSN
2025-04-04 10:13:20.566596 - Found EDTD.txt (text/plain) in CBT.V508.FILE467.PDS, moved to PDS/EDTD
2025-04-04 10:13:20.566725 - Found EDTH.txt (text/plain) in CBT.V508.FILE467.PDS, moved to PDS/EDTH
2025-04-04 10:13:20.566852 - Found JOBBLIST.txt (text/plain) in CBT.V508.FILE467.PDS, moved to PDS/JOBBLIST
2025-04-04 10:13:20.566988 - Found JOBHLIST.txt (text/plain) in CBT.V508.FILE467.PDS, moved to PDS/JOBHLIST
2025-04-04 10:13:20.567125 - Found LOGDMSG.txt (text/plain) in CBT.V508.FILE467.PDS, moved to PDS/LOGDMSG
2025-04-04 10:13:20.567366 - Found LSPDP1.txt (text/plain) in CBT.V508.FILE467.PDS, moved to PDS/LSPDP1
2025-04-04 10:13:20.567494 - Found LSPDP2.txt (text/plain) in CBT.V508.FILE467.PDS, moved to PDS/LSPDP2
2025-04-04 10:13:20.567640 - Found LSTDA.txt (text/plain) in CBT.V508.FILE467.PDS, moved to PDS/LSTDA
2025-04-04 10:13:20.567762 - Found LSTHA.txt (text/plain) in CBT.V508.FILE467.PDS, moved to PDS/LSTHA
2025-04-04 10:13:20.567885 - Found MENU.txt (text/plain) in CBT.V508.FILE467.PDS, moved to PDS/MENU
2025-04-04 10:13:20.568025 - Found NTABLADS.txt (text/plain) in CBT.V508.FILE467.PDS, moved to PDS/NTABLADS
2025-04-04 10:13:20.568144 - Found NTALFAIL.txt (text/plain) in CBT.V508.FILE467.PDS, moved to PDS/NTALFAIL
2025-04-04 10:13:20.568295 - Found NTERRPNL.txt (text/plain) in CBT.V508.FILE467.PDS, moved to PDS/NTERRPNL
2025-04-04 10:13:20.568425 - Found NTEXTEND.txt (text/plain) in CBT.V508.FILE467.PDS, moved to PDS/NTEXTEND
2025-04-04 10:13:20.568540 - Found NTGENL#1.txt (text/plain) in CBT.V508.FILE467.PDS, moved to PDS/NTGENL#1
2025-04-04 10:13:20.568661 - Found NTGENL#2.txt (text/plain) in CBT.V508.FILE467.PDS, moved to PDS/NTGENL#2
2025-04-04 10:13:20.568790 - Found NTIB3277.txt (text/plain) in CBT.V508.FILE467.PDS, moved to PDS/NTIB3277
2025-04-04 10:13:20.568931 - Found NTIB3279.txt (text/plain) in CBT.V508.FILE467.PDS, moved to PDS/NTIB3279
2025-04-04 10:13:20.569177 - Found NTLINBAD.txt (text/plain) in CBT.V508.FILE467.PDS, moved to PDS/NTLINBAD
2025-04-04 10:13:20.569354 - Found NTMDMBAD.txt (text/plain) in CBT.V508.FILE467.PDS, moved to PDS/NTMDMBAD
2025-04-04 10:13:20.569495 - Found NTMORSTG.txt (text/plain) in CBT.V508.FILE467.PDS, moved to PDS/NTMORSTG
2025-04-04 10:13:20.569616 - Found NTNOROOM.txt (text/plain) in CBT.V508.FILE467.PDS, moved to PDS/NTNOROOM
2025-04-04 10:13:20.569756 - Found NTNOSPLT.txt (text/plain) in CBT.V508.FILE467.PDS, moved to PDS/NTNOSPLT
2025-04-04 10:13:20.569884 - Found NTPR#PNL.txt (text/plain) in CBT.V508.FILE467.PDS, moved to PDS/NTPR#PNL
2025-04-04 10:13:20.570017 - Found NTPRBTYP.txt (text/plain) in CBT.V508.FILE467.PDS, moved to PDS/NTPRBTYP
2025-04-04 10:13:20.570155 - Found NTR24LSI.txt (text/plain) in CBT.V508.FILE467.PDS, moved to PDS/NTR24LSI
2025-04-04 10:13:20.570282 - Found NTTERBAD.txt (text/plain) in CBT.V508.FILE467.PDS, moved to PDS/NTTERBAD
2025-04-04 10:13:20.570439 - Found NT1STPNL.txt (text/plain) in CBT.V508.FILE467.PDS, moved to PDS/NT1STPNL
2025-04-04 10:13:20.570579 - Found PDSDXREF.txt (text/plain) in CBT.V508.FILE467.PDS, moved to PDS/PDSDXREF
2025-04-04 10:13:20.570698 - Found PDSDXRE2.txt (text/plain) in CBT.V508.FILE467.PDS, moved to PDS/PDSDXRE2
2025-04-04 10:13:20.570828 - Found PDSDXRE3.txt (text/plain) in CBT.V508.FILE467.PDS, moved to PDS/PDSDXRE3
2025-04-04 10:13:20.570954 - Found TDSINDX0.txt (text/plain) in CBT.V508.FILE467.PDS, moved to PDS/TDSINDX0
2025-04-04 10:13:20.571090 - Found TDSINDX1.txt (text/plain) in CBT.V508.FILE467.PDS, moved to PDS/TDSINDX1
2025-04-04 10:13:20.571219 - Found TRMDLCK1.txt (text/plain) in CBT.V508.FILE467.PDS, moved to PDS/TRMDLCK1
2025-04-04 10:13:20.571375 - Found TRMDLCK2.txt (text/plain) in CBT.V508.FILE467.PDS, moved to PDS/TRMDLCK2
2025-04-04 10:13:20.571507 - Found TSOBHELP.txt (text/plain) in CBT.V508.FILE467.PDS, moved to PDS/TSOBHELP
2025-04-04 10:13:20.571637 - Found TSOD.txt (text/plain) in CBT.V508.FILE467.PDS, moved to PDS/TSOD
2025-04-04 10:13:20.571762 - Found TUTPC050.txt (text/plain) in CBT.V508.FILE467.PDS, moved to PDS/TUTPC050
2025-04-04 10:13:20.571882 - Found TUTPE010.txt (text/plain) in CBT.V508.FILE467.PDS, moved to PDS/TUTPE010
2025-04-04 10:13:20.571997 - Found TUTPT001.txt (text/plain) in CBT.V508.FILE467.PDS, moved to PDS/TUTPT001
2025-04-04 10:13:20.572124 - Found TUTPT010.txt (text/plain) in CBT.V508.FILE467.PDS, moved to PDS/TUTPT010
2025-04-04 10:13:20.572260 - Found TUTPT021.txt (text/plain) in CBT.V508.FILE467.PDS, moved to PDS/TUTPT021
2025-04-04 10:13:20.572376 - Found TUTPT031.txt (text/plain) in CBT.V508.FILE467.PDS, moved to PDS/TUTPT031
2025-04-04 10:13:20.572492 - Found TUTPT040.txt (text/plain) in CBT.V508.FILE467.PDS, moved to PDS/TUTPT040
2025-04-04 10:13:20.572608 - Found TUTPT060.txt (text/plain) in CBT.V508.FILE467.PDS, moved to PDS/TUTPT060
2025-04-04 10:13:20.572723 - Found TUTPT062.txt (text/plain) in CBT.V508.FILE467.PDS, moved to PDS/TUTPT062
2025-04-04 10:13:20.572841 - Found TUTPT063.txt (text/plain) in CBT.V508.FILE467.PDS, moved to PDS/TUTPT063
2025-04-04 10:13:20.572954 - Found TUTPT064.txt (text/plain) in CBT.V508.FILE467.PDS, moved to PDS/TUTPT064
2025-04-04 10:13:20.573071 - Found TUTPT065.txt (text/plain) in CBT.V508.FILE467.PDS, moved to PDS/TUTPT065
2025-04-04 10:13:20.573205 - Found TUTPT066.txt (text/plain) in CBT.V508.FILE467.PDS, moved to PDS/TUTPT066
2025-04-04 10:13:20.573329 - Found TUTPT070.txt (text/plain) in CBT.V508.FILE467.PDS, moved to PDS/TUTPT070
2025-04-04 10:13:20.573446 - Found TUTPT080.txt (text/plain) in CBT.V508.FILE467.PDS, moved to PDS/TUTPT080
